32: bots=(1, 0, 0, 0), ores=(0, 0, 0, 0)
27: bots=(2, 0, 0, 0), ores=(1, 0, 0, 0)
24: bots=(3, 0, 0, 0), ores=(3, 0, 0, 0)
22: bots=(3, 1, 0, 0), ores=(5, 0, 0, 0)
21: bots=(4, 1, 0, 0), ores=(4, 1, 0, 0)
20: bots=(4, 2, 0, 0), ores=(4, 2, 0, 0)
19: bots=(4, 3, 0, 0), ores=(4, 4, 0, 0)
18: bots=(4, 4, 0, 0), ores=(4, 7, 0, 0)
17: bots=(4, 5, 0, 0), ores=(4, 11, 0, 0)
16: bots=(4, 6, 0, 0), ores=(4, 16, 0, 0)
15: bots=(4, 7, 0, 0), ores=(4, 22, 0, 0)
14: bots=(4, 7, 1, 0), ores=(4, 9, 0, 0)
13: bots=(4, 8, 1, 0), ores=(4, 16, 1, 0)
12: bots=(4, 9, 1, 0), ores=(4, 24, 2, 0)
11: bots=(4, 9, 2, 0), ores=(4, 13, 3, 0)
9: bots=(4, 9, 3, 0), ores=(8, 11, 7, 0)
8: bots=(4, 10, 3, 0), ores=(8, 20, 10, 0)
7: bots=(4, 10, 4, 0), ores=(8, 10, 13, 0)
6: bots=(4, 10, 4, 1), ores=(10, 20, 5, 0)
5: bots=(4, 10, 5, 1), ores=(10, 10, 9, 1)
3: bots=(4, 10, 5, 2), ores=(16, 30, 7, 3)
1: bots=(4, 10, 5, 3), ores=(22, 50, 5, 7)
0: bots=(4, 11, 5, 3), ores=(22, 60, 10, 10)
