32: bots=(1, 0, 0, 0), ores=(0, 0, 0, 0)
28: bots=(2, 0, 0, 0), ores=(1, 0, 0, 0)
26: bots=(2, 1, 0, 0), ores=(2, 0, 0, 0)
24: bots=(3, 1, 0, 0), ores=(3, 2, 0, 0)
23: bots=(3, 2, 0, 0), ores=(3, 3, 0, 0)
22: bots=(3, 3, 0, 0), ores=(3, 5, 0, 0)
21: bots=(3, 4, 0, 0), ores=(3, 8, 0, 0)
20: bots=(3, 5, 0, 0), ores=(3, 12, 0, 0)
19: bots=(3, 6, 0, 0), ores=(3, 17, 0, 0)
18: bots=(3, 6, 1, 0), ores=(4, 8, 0, 0)
17: bots=(3, 7, 1, 0), ores=(4, 14, 1, 0)
16: bots=(3, 8, 1, 0), ores=(4, 21, 2, 0)
15: bots=(3, 8, 2, 0), ores=(5, 14, 3, 0)
13: bots=(3, 8, 3, 0), ores=(9, 15, 7, 0)
12: bots=(3, 8, 4, 0), ores=(10, 8, 10, 0)
11: bots=(3, 8, 4, 1), ores=(10, 16, 5, 0)
10: bots=(3, 8, 5, 1), ores=(11, 9, 9, 1)
9: bots=(3, 8, 5, 2), ores=(11, 17, 5, 2)
8: bots=(3, 8, 6, 2), ores=(12, 10, 10, 4)
7: bots=(3, 8, 6, 3), ores=(12, 18, 7, 6)
6: bots=(3, 8, 7, 3), ores=(13, 11, 13, 9)
5: bots=(3, 8, 7, 4), ores=(13, 19, 11, 12)
4: bots=(3, 8, 7, 5), ores=(13, 27, 9, 16)
3: bots=(3, 8, 7, 6), ores=(13, 35, 7, 21)
1: bots=(3, 8, 7, 7), ores=(16, 51, 12, 33)
0: bots=(3, 9, 7, 7), ores=(16, 59, 19, 40)
