32: bots=(1, 0, 0, 0), ores=(0, 0, 0, 0)
29: bots=(2, 0, 0, 0), ores=(1, 0, 0, 0)
27: bots=(3, 0, 0, 0), ores=(3, 0, 0, 0)
26: bots=(4, 0, 0, 0), ores=(4, 0, 0, 0)
25: bots=(4, 1, 0, 0), ores=(4, 0, 0, 0)
24: bots=(4, 2, 0, 0), ores=(4, 1, 0, 0)
23: bots=(4, 3, 0, 0), ores=(4, 3, 0, 0)
22: bots=(4, 4, 0, 0), ores=(4, 6, 0, 0)
21: bots=(4, 5, 0, 0), ores=(4, 10, 0, 0)
20: bots=(4, 6, 0, 0), ores=(4, 15, 0, 0)
19: bots=(4, 7, 0, 0), ores=(4, 21, 0, 0)
18: bots=(4, 8, 0, 0), ores=(4, 28, 0, 0)
17: bots=(4, 8, 1, 0), ores=(4, 16, 0, 0)
16: bots=(4, 9, 1, 0), ores=(4, 24, 1, 0)
15: bots=(4, 9, 2, 0), ores=(4, 13, 2, 0)
13: bots=(4, 9, 3, 0), ores=(8, 11, 6, 0)
12: bots=(4, 10, 3, 0), ores=(8, 20, 9, 0)
11: bots=(4, 10, 4, 0), ores=(8, 10, 12, 0)
9: bots=(4, 10, 5, 0), ores=(12, 10, 20, 0)
8: bots=(4, 10, 5, 1), ores=(12, 20, 7, 0)
7: bots=(4, 10, 6, 1), ores=(12, 10, 12, 1)
5: bots=(4, 10, 6, 2), ores=(16, 30, 6, 3)
2: bots=(4, 10, 6, 3), ores=(24, 60, 6, 9)
0: bots=(4, 10, 6, 3), ores=(32, 80, 18, 15)
